# JRE version: OpenJDK Runtime Environment (11.0.15) (build 11.0.15+0-b2043.56-9505619)
# Java VM: OpenJDK 64-Bit Server VM (11.0.15+0-b2043.56-9505619, mixed mode, tiered, compressed oops, g1 gc, windows-amd64)
Heap:
 garbage-first heap   total 262144K, used 199095K [0x0000000080000000, 0x0000000100000000)
  region size 1024K, 67 young (68608K), 4 survivors (4096K)
 Metaspace       used 132453K, capacity 136481K, committed 138212K, reserved 1169408K
  class space    used 16752K, capacity 18302K, committed 19252K, reserved 1048576K
GC Heap History (20 events):
Event: 173.040 GC heap after
{Heap after GC invocations=30 (full 0):
 garbage-first heap   total 262144K, used 136768K [0x0000000080000000, 0x0000000100000000)
  region size 1024K, 2 young (2048K), 2 survivors (2048K)
 Metaspace       used 129881K, capacity 134511K, committed 135012K, reserved 1165312K
  class space    used 17010K, capacity 18862K, committed 19124K, reserved 1048576K
}
Event: 176.019 GC heap before
{Heap before GC invocations=30 (full 0):
 garbage-first heap   total 262144K, used 183872K [0x0000000080000000, 0x0000000100000000)
  region size 1024K, 50 young (51200K), 2 survivors (2048K)
 Metaspace       used 130385K, capacity 135007K, committed 135268K, reserved 1165312K
  class space    used 17028K, capacity 18908K, committed 19124K, reserved 1048576K
}
Event: 176.029 GC heap after
{Heap after GC invocations=31 (full 0):
 garbage-first heap   total 262144K, used 138932K [0x0000000080000000, 0x0000000100000000)
  region size 1024K, 4 young (4096K), 4 survivors (4096K)
 Metaspace       used 130385K, capacity 135007K, committed 135268K, reserved 1165312K
  class space    used 17028K, capacity 18908K, committed 19124K, reserved 1048576K
}
Event: 176.675 GC heap before
{Heap before GC invocations=32 (full 0):
 garbage-first heap   total 262144K, used 209588K [0x0000000080000000, 0x0000000100000000)
  region size 1024K, 73 young (74752K), 4 survivors (4096K)
 Metaspace       used 129910K, capacity 133739K, committed 136292K, reserved 1167360K
  class space    used 16618K, capacity 18092K, committed 19124K, reserved 1048576K
}
Event: 176.689 GC heap after
{Heap after GC invocations=33 (full 0):
 garbage-first heap   total 262144K, used 149949K [0x0000000080000000, 0x0000000100000000)
  region size 1024K, 10 young (10240K), 10 survivors (10240K)
 Metaspace       used 129910K, capacity 133739K, committed 136292K, reserved 1167360K
  class space    used 16618K, capacity 18092K, committed 19124K, reserved 1048576K
}
Event: 176.697 GC heap before
{Heap before GC invocations=33 (full 0):
 garbage-first heap   total 262144K, used 150973K [0x0000000080000000, 0x0000000100000000)
  region size 1024K, 13 young (13312K), 10 survivors (10240K)
 Metaspace       used 129910K, capacity 133739K, committed 136292K, reserved 1167360K
  class space    used 16618K, capacity 18092K, committed 19124K, reserved 1048576K
}
Event: 176.708 GC heap after
{Heap after GC invocations=34 (full 0):
 garbage-first heap   total 262144K, used 142697K [0x0000000080000000, 0x0000000100000000)
  region size 1024K, 2 young (2048K), 2 survivors (2048K)
 Metaspace       used 129910K, capacity 133739K, committed 136292K, reserved 1167360K
  class space    used 16618K, capacity 18092K, committed 19124K, reserved 1048576K
}
Event: 177.080 GC heap before
{Heap before GC invocations=34 (full 0):
 garbage-first heap   total 262144K, used 182633K [0x0000000080000000, 0x0000000100000000)
  region size 1024K, 43 young (44032K), 2 survivors (2048K)
 Metaspace       used 130190K, capacity 134074K, committed 136548K, reserved 1167360K
  class space    used 16619K, capacity 18093K, committed 19124K, reserved 1048576K
}
Event: 177.087 GC heap after
{Heap after GC invocations=35 (full 0):
 garbage-first heap   total 262144K, used 146360K [0x0000000080000000, 0x0000000100000000)
  region size 1024K, 6 young (6144K), 6 survivors (6144K)
 Metaspace       used 130190K, capacity 134074K, committed 136548K, reserved 1167360K
  class space    used 16619K, capacity 18093K, committed 19124K, reserved 1048576K
}
Event: 264.760 GC heap before
{Heap before GC invocations=36 (full 0):
 garbage-first heap   total 262144K, used 226232K [0x0000000080000000, 0x0000000100000000)
  region size 1024K, 68 young (69632K), 6 survivors (6144K)
 Metaspace       used 130827K, capacity 134737K, committed 137188K, reserved 1167360K
  class space    used 16677K, capacity 18169K, committed 19252K, reserved 1048576K
}
Event: 264.765 GC heap after
{Heap after GC invocations=37 (full 0):
 garbage-first heap   total 262144K, used 146769K [0x0000000080000000, 0x0000000100000000)
  region size 1024K, 4 young (4096K), 4 survivors (4096K)
 Metaspace       used 130827K, capacity 134737K, committed 137188K, reserved 1167360K
  class space    used 16677K, capacity 18169K, committed 19252K, reserved 1048576K
}
Event: 264.868 GC heap before
{Heap before GC invocations=37 (full 0):
 garbage-first heap   total 262144K, used 153937K [0x0000000080000000, 0x0000000100000000)
  region size 1024K, 12 young (12288K), 4 survivors (4096K)
 Metaspace       used 130857K, capacity 134804K, committed 137188K, reserved 1167360K
  class space    used 16677K, capacity 18169K, committed 19252K, reserved 1048576K
}
Event: 264.878 GC heap after
{Heap after GC invocations=38 (full 0):
 garbage-first heap   total 262144K, used 143493K [0x0000000080000000, 0x0000000100000000)
  region size 1024K, 1 young (1024K), 1 survivors (1024K)
 Metaspace       used 130857K, capacity 134804K, committed 137188K, reserved 1167360K
  class space    used 16677K, capacity 18169K, committed 19252K, reserved 1048576K
}
Event: 267.946 GC heap before
{Heap before GC invocations=38 (full 0):
 garbage-first heap   total 262144K, used 211077K [0x0000000080000000, 0x0000000100000000)
  region size 1024K, 68 young (69632K), 1 survivors (1024K)
 Metaspace       used 131384K, capacity 135306K, committed 137444K, reserved 1167360K
  class space    used 16701K, capacity 18211K, committed 19252K, reserved 1048576K
}
Event: 267.968 GC heap after
{Heap after GC invocations=39 (full 0):
 garbage-first heap   total 262144K, used 150326K [0x0000000080000000, 0x0000000100000000)
  region size 1024K, 8 young (8192K), 8 survivors (8192K)
 Metaspace       used 131384K, capacity 135306K, committed 137444K, reserved 1167360K
  class space    used 16701K, capacity 18211K, committed 19252K, reserved 1048576K
}
Event: 319.513 GC heap before
{Heap before GC invocations=40 (full 0):
 garbage-first heap   total 262144K, used 226950K [0x0000000080000000, 0x0000000100000000)
  region size 1024K, 70 young (71680K), 8 survivors (8192K)
 Metaspace       used 131813K, capacity 135785K, committed 137956K, reserved 1167360K
  class space    used 16716K, capacity 18237K, committed 19252K, reserved 1048576K
}
Event: 319.523 GC heap after
{Heap after GC invocations=41 (full 0):
 garbage-first heap   total 262144K, used 153650K [0x0000000080000000, 0x0000000100000000)
  region size 1024K, 7 young (7168K), 7 survivors (7168K)
 Metaspace       used 131813K, capacity 135785K, committed 137956K, reserved 1167360K
  class space    used 16716K, capacity 18237K, committed 19252K, reserved 1048576K
}
Event: 319.615 GC heap before
{Heap before GC invocations=41 (full 0):
 garbage-first heap   total 262144K, used 158770K [0x0000000080000000, 0x0000000100000000)
  region size 1024K, 12 young (12288K), 7 survivors (7168K)
 Metaspace       used 131832K, capacity 135788K, committed 137956K, reserved 1167360K
  class space    used 16717K, capacity 18238K, committed 19252K, reserved 1048576K
}
Event: 319.632 GC heap after
{Heap after GC invocations=42 (full 0):
 garbage-first heap   total 262144K, used 135287K [0x0000000080000000, 0x0000000100000000)
  region size 1024K, 2 young (2048K), 2 survivors (2048K)
 Metaspace       used 131832K, capacity 135788K, committed 137956K, reserved 1167360K
  class space    used 16717K, capacity 18238K, committed 19252K, reserved 1048576K
}
Event: 321.667 GC heap before
{Heap before GC invocations=42 (full 0):
 garbage-first heap   total 262144K, used 197751K [0x0000000080000000, 0x0000000100000000)
  region size 1024K, 65 young (66560K), 2 survivors (2048K)
 Metaspace       used 132453K, capacity 136481K, committed 138212K, reserved 1169408K
  class space    used 16752K, capacity 18302K, committed 19252K, reserved 1048576K
}

